# JRE version: OpenJDK Runtime Environment (8.0_212-b04) (build 1.8.0_212-release-1586-b04)
# Java VM: OpenJDK Server VM (25.212-b04 mixed mode windows-x86 )
Heap:
 PSYoungGen      total 294400K, used 259103K [0x3bcc0000, 0x51200000, 0x51200000)
  eden space 239360K, 100% used [0x3bcc0000,0x4a680000,0x4a680000)
  from space 55040K, 35% used [0x4a680000,0x4b9c7f00,0x4dc40000)
  to   space 51968K, 8% used [0x4df40000,0x4e3b2100,0x51200000)
 ParOldGen       total 159232K, used 114171K [0x11200000, 0x1ad80000, 0x3bcc0000)
  object space 159232K, 71% used [0x11200000,0x1817ec00,0x1ad80000)
 Metaspace       used 57652K, capacity 59460K, committed 59520K, reserved 59776K
GC Heap History (10 events):
Event: 233.023 GC heap after
Heap after GC invocations=16 (full 3):
 PSYoungGen      total 292608K, used 21757K [0x3bcc0000, 0x50d80000, 0x51200000)
  eden space 270848K, 0% used [0x3bcc0000,0x3bcc0000,0x4c540000)
  from space 21760K, 99% used [0x4c540000,0x4da7f7d8,0x4da80000)
  to   space 31744K, 0% used [0x4ee80000,0x4ee80000,0x50d80000)
 ParOldGen       total 55808K, used 51181K [0x11200000, 0x14880000, 0x3bcc0000)
  object space 55808K, 91% used [0x11200000,0x143fb5e8,0x14880000)
 Metaspace       used 46872K, capacity 48088K, committed 48128K, reserved 48512K
}
Event: 233.032 GC heap before
{Heap before GC invocations=17 (full 4):
 PSYoungGen      total 292608K, used 21757K [0x3bcc0000, 0x50d80000, 0x51200000)
  eden space 270848K, 0% used [0x3bcc0000,0x3bcc0000,0x4c540000)
  from space 21760K, 99% used [0x4c540000,0x4da7f7d8,0x4da80000)
  to   space 31744K, 0% used [0x4ee80000,0x4ee80000,0x50d80000)
 ParOldGen       total 55808K, used 51181K [0x11200000, 0x14880000, 0x3bcc0000)
  object space 55808K, 91% used [0x11200000,0x143fb5e8,0x14880000)
 Metaspace       used 46872K, capacity 48088K, committed 48128K, reserved 48512K
Event: 236.871 GC heap after
Heap after GC invocations=17 (full 4):
 PSYoungGen      total 292608K, used 6742K [0x3bcc0000, 0x50d80000, 0x51200000)
  eden space 270848K, 0% used [0x3bcc0000,0x3bcc0000,0x4c540000)
  from space 21760K, 30% used [0x4c540000,0x4cbd5888,0x4da80000)
  to   space 31744K, 0% used [0x4ee80000,0x4ee80000,0x50d80000)
 ParOldGen       total 88576K, used 55757K [0x11200000, 0x16880000, 0x3bcc0000)
  object space 88576K, 62% used [0x11200000,0x148734d8,0x16880000)
 Metaspace       used 46848K, capacity 48036K, committed 48128K, reserved 48512K
}
Event: 249.049 GC heap before
{Heap before GC invocations=18 (full 4):
 PSYoungGen      total 292608K, used 277590K [0x3bcc0000, 0x50d80000, 0x51200000)
  eden space 270848K, 100% used [0x3bcc0000,0x4c540000,0x4c540000)
  from space 21760K, 30% used [0x4c540000,0x4cbd5888,0x4da80000)
  to   space 31744K, 0% used [0x4ee80000,0x4ee80000,0x50d80000)
 ParOldGen       total 88576K, used 55757K [0x11200000, 0x16880000, 0x3bcc0000)
  object space 88576K, 62% used [0x11200000,0x148734d8,0x16880000)
 Metaspace       used 52362K, capacity 53993K, committed 54016K, reserved 54656K
Event: 249.664 GC heap after
Heap after GC invocations=18 (full 4):
 PSYoungGen      total 271104K, used 31737K [0x3bcc0000, 0x51200000, 0x51200000)
  eden space 239360K, 0% used [0x3bcc0000,0x3bcc0000,0x4a680000)
  from space 31744K, 99% used [0x4ee80000,0x50d7e5d0,0x50d80000)
  to   space 55040K, 0% used [0x4a680000,0x4a680000,0x4dc40000)
 ParOldGen       total 104448K, used 104215K [0x11200000, 0x17800000, 0x3bcc0000)
  object space 104448K, 99% used [0x11200000,0x177c5e70,0x17800000)
 Metaspace       used 52362K, capacity 53993K, committed 54016K, reserved 54656K
}
Event: 249.664 GC heap before
{Heap before GC invocations=19 (full 5):
 PSYoungGen      total 271104K, used 31737K [0x3bcc0000, 0x51200000, 0x51200000)
  eden space 239360K, 0% used [0x3bcc0000,0x3bcc0000,0x4a680000)
  from space 31744K, 99% used [0x4ee80000,0x50d7e5d0,0x50d80000)
  to   space 55040K, 0% used [0x4a680000,0x4a680000,0x4dc40000)
 ParOldGen       total 104448K, used 104215K [0x11200000, 0x17800000, 0x3bcc0000)
  object space 104448K, 99% used [0x11200000,0x177c5e70,0x17800000)
 Metaspace       used 52362K, capacity 53993K, committed 54016K, reserved 54656K
Event: 251.311 GC heap after
Heap after GC invocations=19 (full 5):
 PSYoungGen      total 271104K, used 13021K [0x3bcc0000, 0x51200000, 0x51200000)
  eden space 239360K, 0% used [0x3bcc0000,0x3bcc0000,0x4a680000)
  from space 31744K, 41% used [0x4ee80000,0x4fb376d8,0x50d80000)
  to   space 55040K, 0% used [0x4a680000,0x4a680000,0x4dc40000)
 ParOldGen       total 159232K, used 104226K [0x11200000, 0x1ad80000, 0x3bcc0000)
  object space 159232K, 65% used [0x11200000,0x177c8968,0x1ad80000)
 Metaspace       used 52360K, capacity 53988K, committed 54016K, reserved 54656K
}
Event: 456.686 GC heap before
{Heap before GC invocations=20 (full 5):
 PSYoungGen      total 271104K, used 252381K [0x3bcc0000, 0x51200000, 0x51200000)
  eden space 239360K, 100% used [0x3bcc0000,0x4a680000,0x4a680000)
  from space 31744K, 41% used [0x4ee80000,0x4fb376d8,0x50d80000)
  to   space 55040K, 0% used [0x4a680000,0x4a680000,0x4dc40000)
 ParOldGen       total 159232K, used 104226K [0x11200000, 0x1ad80000, 0x3bcc0000)
  object space 159232K, 65% used [0x11200000,0x177c8968,0x1ad80000)
 Metaspace       used 57022K, capacity 58816K, committed 58880K, reserved 59776K
Event: 456.831 GC heap after
Heap after GC invocations=20 (full 5):
 PSYoungGen      total 294400K, used 19743K [0x3bcc0000, 0x51200000, 0x51200000)
  eden space 239360K, 0% used [0x3bcc0000,0x3bcc0000,0x4a680000)
  from space 55040K, 35% used [0x4a680000,0x4b9c7f00,0x4dc40000)
  to   space 51968K, 0% used [0x4df40000,0x4df40000,0x51200000)
 ParOldGen       total 159232K, used 114171K [0x11200000, 0x1ad80000, 0x3bcc0000)
  object space 159232K, 71% used [0x11200000,0x1817ec00,0x1ad80000)
 Metaspace       used 57022K, capacity 58816K, committed 58880K, reserved 59776K
}
Event: 1337.568 GC heap before
{Heap before GC invocations=21 (full 5):
 PSYoungGen      total 294400K, used 259103K [0x3bcc0000, 0x51200000, 0x51200000)
  eden space 239360K, 100% used [0x3bcc0000,0x4a680000,0x4a680000)
  from space 55040K, 35% used [0x4a680000,0x4b9c7f00,0x4dc40000)
  to   space 51968K, 0% used [0x4df40000,0x4df40000,0x51200000)
 ParOldGen       total 159232K, used 114171K [0x11200000, 0x1ad80000, 0x3bcc0000)
  object space 159232K, 71% used [0x11200000,0x1817ec00,0x1ad80000)
 Metaspace       used 57652K, capacity 59460K, committed 59520K, reserved 59776K

