# JRE version: OpenJDK Runtime Environment (8.0_212-b04) (build 1.8.0_212-release-1586-b04)
# Java VM: OpenJDK Server VM (25.212-b04 mixed mode windows-x86 )
Heap:
 PSYoungGen      total 263168K, used 263166K [0x3bac0000, 0x50d80000, 0x51000000)
  eden space 241920K, 100% used [0x3bac0000,0x4a700000,0x4a700000)
  from space 21248K, 99% used [0x4a700000,0x4bbbfa70,0x4bbc0000)
  to   space 25088K, 13% used [0x4f500000,0x4f86b7d0,0x50d80000)
 ParOldGen       total 66560K, used 47458K [0x11000000, 0x15100000, 0x3bac0000)
  object space 66560K, 71% used [0x11000000,0x13e58be8,0x15100000)
 Metaspace       used 54847K, capacity 56449K, committed 56576K, reserved 56704K
GC Heap History (10 events):
Event: 85.762 GC heap after
Heap after GC invocations=12 (full 2):
 PSYoungGen      total 190464K, used 0K [0x3bac0000, 0x48540000, 0x51000000)
  eden space 178688K, 0% used [0x3bac0000,0x3bac0000,0x46940000)
  from space 11776K, 0% used [0x47840000,0x47840000,0x483c0000)
  to   space 14336K, 0% used [0x46940000,0x46940000,0x47740000)
 ParOldGen       total 38912K, used 20675K [0x11000000, 0x13600000, 0x3bac0000)
  object space 38912K, 53% used [0x11000000,0x12430c48,0x13600000)
 Metaspace       used 26585K, capacity 27307K, committed 27308K, reserved 28032K
}
Event: 102.846 GC heap before
{Heap before GC invocations=13 (full 2):
 PSYoungGen      total 190464K, used 178688K [0x3bac0000, 0x48540000, 0x51000000)
  eden space 178688K, 100% used [0x3bac0000,0x46940000,0x46940000)
  from space 11776K, 0% used [0x47840000,0x47840000,0x483c0000)
  to   space 14336K, 0% used [0x46940000,0x46940000,0x47740000)
 ParOldGen       total 38912K, used 20675K [0x11000000, 0x13600000, 0x3bac0000)
  object space 38912K, 53% used [0x11000000,0x12430c48,0x13600000)
 Metaspace       used 37199K, capacity 38257K, committed 38272K, reserved 38272K
Event: 102.953 GC heap after
Heap after GC invocations=13 (full 2):
 PSYoungGen      total 193024K, used 14326K [0x3bac0000, 0x4d100000, 0x51000000)
  eden space 178688K, 0% used [0x3bac0000,0x3bac0000,0x46940000)
  from space 14336K, 99% used [0x46940000,0x4773d980,0x47740000)
  to   space 19200K, 0% used [0x4be40000,0x4be40000,0x4d100000)
 ParOldGen       total 38912K, used 27700K [0x11000000, 0x13600000, 0x3bac0000)
  object space 38912K, 71% used [0x11000000,0x12b0d280,0x13600000)
 Metaspace       used 37199K, capacity 38257K, committed 38272K, reserved 38272K
}
Event: 129.558 GC heap before
{Heap before GC invocations=14 (full 2):
 PSYoungGen      total 193024K, used 193014K [0x3bac0000, 0x4d100000, 0x51000000)
  eden space 178688K, 100% used [0x3bac0000,0x46940000,0x46940000)
  from space 14336K, 99% used [0x46940000,0x4773d980,0x47740000)
  to   space 19200K, 0% used [0x4be40000,0x4be40000,0x4d100000)
 ParOldGen       total 38912K, used 27700K [0x11000000, 0x13600000, 0x3bac0000)
  object space 38912K, 71% used [0x11000000,0x12b0d280,0x13600000)
 Metaspace       used 42783K, capacity 43996K, committed 44032K, reserved 44416K
Event: 129.659 GC heap after
Heap after GC invocations=14 (full 2):
 PSYoungGen      total 260608K, used 15890K [0x3bac0000, 0x4d080000, 0x51000000)
  eden space 241920K, 0% used [0x3bac0000,0x3bac0000,0x4a700000)
  from space 18688K, 85% used [0x4be40000,0x4cdc4b30,0x4d080000)
  to   space 21248K, 0% used [0x4a700000,0x4a700000,0x4bbc0000)
 ParOldGen       total 38912K, used 37433K [0x11000000, 0x13600000, 0x3bac0000)
  object space 38912K, 96% used [0x11000000,0x1348e4b8,0x13600000)
 Metaspace       used 42783K, capacity 43996K, committed 44032K, reserved 44416K
}
Event: 129.659 GC heap before
{Heap before GC invocations=15 (full 3):
 PSYoungGen      total 260608K, used 15890K [0x3bac0000, 0x4d080000, 0x51000000)
  eden space 241920K, 0% used [0x3bac0000,0x3bac0000,0x4a700000)
  from space 18688K, 85% used [0x4be40000,0x4cdc4b30,0x4d080000)
  to   space 21248K, 0% used [0x4a700000,0x4a700000,0x4bbc0000)
 ParOldGen       total 38912K, used 37433K [0x11000000, 0x13600000, 0x3bac0000)
  object space 38912K, 96% used [0x11000000,0x1348e4b8,0x13600000)
 Metaspace       used 42783K, capacity 43996K, committed 44032K, reserved 44416K
Event: 130.879 GC heap after
Heap after GC invocations=15 (full 3):
 PSYoungGen      total 260608K, used 2898K [0x3bac0000, 0x4d080000, 0x51000000)
  eden space 241920K, 0% used [0x3bac0000,0x3bac0000,0x4a700000)
  from space 18688K, 15% used [0x4be40000,0x4c114bb8,0x4d080000)
  to   space 21248K, 0% used [0x4a700000,0x4a700000,0x4bbc0000)
 ParOldGen       total 66560K, used 38830K [0x11000000, 0x15100000, 0x3bac0000)
  object space 66560K, 58% used [0x11000000,0x135ebbb0,0x15100000)
 Metaspace       used 42783K, capacity 43996K, committed 44032K, reserved 44416K
}
Event: 150.719 GC heap before
{Heap before GC invocations=16 (full 3):
 PSYoungGen      total 260608K, used 244818K [0x3bac0000, 0x4d080000, 0x51000000)
  eden space 241920K, 100% used [0x3bac0000,0x4a700000,0x4a700000)
  from space 18688K, 15% used [0x4be40000,0x4c114bb8,0x4d080000)
  to   space 21248K, 0% used [0x4a700000,0x4a700000,0x4bbc0000)
 ParOldGen       total 66560K, used 38830K [0x11000000, 0x15100000, 0x3bac0000)
  object space 66560K, 58% used [0x11000000,0x135ebbb0,0x15100000)
 Metaspace       used 50436K, capacity 51862K, committed 51968K, reserved 52608K
Event: 150.833 GC heap after
Heap after GC invocations=16 (full 3):
 PSYoungGen      total 263168K, used 21246K [0x3bac0000, 0x50d80000, 0x51000000)
  eden space 241920K, 0% used [0x3bac0000,0x3bac0000,0x4a700000)
  from space 21248K, 99% used [0x4a700000,0x4bbbfa70,0x4bbc0000)
  to   space 25088K, 0% used [0x4f500000,0x4f500000,0x50d80000)
 ParOldGen       total 66560K, used 39518K [0x11000000, 0x15100000, 0x3bac0000)
  object space 66560K, 59% used [0x11000000,0x13697988,0x15100000)
 Metaspace       used 50436K, capacity 51862K, committed 51968K, reserved 52608K
}
Event: 3272.092 GC heap before
{Heap before GC invocations=17 (full 3):
 PSYoungGen      total 263168K, used 263166K [0x3bac0000, 0x50d80000, 0x51000000)
  eden space 241920K, 100% used [0x3bac0000,0x4a700000,0x4a700000)
  from space 21248K, 99% used [0x4a700000,0x4bbbfa70,0x4bbc0000)
  to   space 25088K, 0% used [0x4f500000,0x4f500000,0x50d80000)
 ParOldGen       total 66560K, used 39518K [0x11000000, 0x15100000, 0x3bac0000)
  object space 66560K, 59% used [0x11000000,0x13697988,0x15100000)
 Metaspace       used 54847K, capacity 56449K, committed 56576K, reserved 56704K

