# JRE version: OpenJDK Runtime Environment (8.0_212-b04) (build 1.8.0_212-release-1586-b04)
# Java VM: OpenJDK Server VM (25.212-b04 mixed mode windows-x86 )
Heap:
 PSYoungGen      total 206592K, used 19449K [0x3bac0000, 0x4e000000, 0x51000000)
  eden space 187136K, 0% used [0x3bac0000,0x3bac0000,0x47180000)
  from space 19456K, 99% used [0x47180000,0x4847e558,0x48480000)
  to   space 23552K, 0% used [0x4c900000,0x4c900000,0x4e000000)
 ParOldGen       total 64000K, used 54712K [0x11000000, 0x14e80000, 0x3bac0000)
  object space 64000K, 85% used [0x11000000,0x1456e078,0x14e80000)
 Metaspace       used 55712K, capacity 57073K, committed 57088K, reserved 57728K
GC Heap History (10 events):
Event: 155.481 GC heap after
Heap after GC invocations=18 (full 3):
 PSYoungGen      total 139520K, used 19187K [0x3bac0000, 0x47900000, 0x51000000)
  eden space 120320K, 0% used [0x3bac0000,0x3bac0000,0x43040000)
  from space 19200K, 99% used [0x43040000,0x442fcc38,0x44300000)
  to   space 22784K, 0% used [0x462c0000,0x462c0000,0x47900000)
 ParOldGen       total 64000K, used 37573K [0x11000000, 0x14e80000, 0x3bac0000)
  object space 64000K, 58% used [0x11000000,0x134b16a0,0x14e80000)
 Metaspace       used 42081K, capacity 43229K, committed 43264K, reserved 43392K
}
Event: 277.813 GC heap before
{Heap before GC invocations=19 (full 3):
 PSYoungGen      total 139520K, used 139507K [0x3bac0000, 0x47900000, 0x51000000)
  eden space 120320K, 100% used [0x3bac0000,0x43040000,0x43040000)
  from space 19200K, 99% used [0x43040000,0x442fcc38,0x44300000)
  to   space 22784K, 0% used [0x462c0000,0x462c0000,0x47900000)
 ParOldGen       total 64000K, used 37573K [0x11000000, 0x14e80000, 0x3bac0000)
  object space 64000K, 58% used [0x11000000,0x134b16a0,0x14e80000)
 Metaspace       used 47142K, capacity 48346K, committed 48384K, reserved 48512K
Event: 278.032 GC heap after
Heap after GC invocations=19 (full 3):
 PSYoungGen      total 164864K, used 9639K [0x3bac0000, 0x47480000, 0x51000000)
  eden space 146688K, 0% used [0x3bac0000,0x3bac0000,0x44a00000)
  from space 18176K, 53% used [0x462c0000,0x46c29d40,0x47480000)
  to   space 21760K, 0% used [0x44a00000,0x44a00000,0x45f40000)
 ParOldGen       total 64000K, used 43244K [0x11000000, 0x14e80000, 0x3bac0000)
  object space 64000K, 67% used [0x11000000,0x13a3b0c8,0x14e80000)
 Metaspace       used 47142K, capacity 48346K, committed 48384K, reserved 48512K
}
Event: 897.819 GC heap before
{Heap before GC invocations=20 (full 3):
 PSYoungGen      total 164864K, used 156327K [0x3bac0000, 0x47480000, 0x51000000)
  eden space 146688K, 100% used [0x3bac0000,0x44a00000,0x44a00000)
  from space 18176K, 53% used [0x462c0000,0x46c29d40,0x47480000)
  to   space 21760K, 0% used [0x44a00000,0x44a00000,0x45f40000)
 ParOldGen       total 64000K, used 43244K [0x11000000, 0x14e80000, 0x3bac0000)
  object space 64000K, 67% used [0x11000000,0x13a3b0c8,0x14e80000)
 Metaspace       used 47882K, capacity 49105K, committed 49152K, reserved 49536K
Event: 939.706 GC heap after
Heap after GC invocations=20 (full 3):
 PSYoungGen      total 168448K, used 9090K [0x3bac0000, 0x49d00000, 0x51000000)
  eden space 146688K, 0% used [0x3bac0000,0x3bac0000,0x44a00000)
  from space 21760K, 41% used [0x44a00000,0x452e0a38,0x45f40000)
  to   space 20736K, 0% used [0x488c0000,0x488c0000,0x49d00000)
 ParOldGen       total 64000K, used 43248K [0x11000000, 0x14e80000, 0x3bac0000)
  object space 64000K, 67% used [0x11000000,0x13a3c0c8,0x14e80000)
 Metaspace       used 47882K, capacity 49105K, committed 49152K, reserved 49536K
}
Event: 990.304 GC heap before
{Heap before GC invocations=21 (full 3):
 PSYoungGen      total 168448K, used 155778K [0x3bac0000, 0x49d00000, 0x51000000)
  eden space 146688K, 100% used [0x3bac0000,0x44a00000,0x44a00000)
  from space 21760K, 41% used [0x44a00000,0x452e0a38,0x45f40000)
  to   space 20736K, 0% used [0x488c0000,0x488c0000,0x49d00000)
 ParOldGen       total 64000K, used 43248K [0x11000000, 0x14e80000, 0x3bac0000)
  object space 64000K, 67% used [0x11000000,0x13a3c0c8,0x14e80000)
 Metaspace       used 49098K, capacity 50312K, committed 50432K, reserved 50560K
Event: 990.397 GC heap after
Heap after GC invocations=21 (full 3):
 PSYoungGen      total 202240K, used 8609K [0x3bac0000, 0x49780000, 0x51000000)
  eden space 187136K, 0% used [0x3bac0000,0x3bac0000,0x47180000)
  from space 15104K, 57% used [0x488c0000,0x491285a0,0x49780000)
  to   space 19456K, 0% used [0x47180000,0x47180000,0x48480000)
 ParOldGen       total 64000K, used 51858K [0x11000000, 0x14e80000, 0x3bac0000)
  object space 64000K, 81% used [0x11000000,0x142a4b78,0x14e80000)
 Metaspace       used 49098K, capacity 50312K, committed 50432K, reserved 50560K
}
Event: 1129.268 GC heap before
{Heap before GC invocations=22 (full 3):
 PSYoungGen      total 202240K, used 195745K [0x3bac0000, 0x49780000, 0x51000000)
  eden space 187136K, 100% used [0x3bac0000,0x47180000,0x47180000)
  from space 15104K, 57% used [0x488c0000,0x491285a0,0x49780000)
  to   space 19456K, 0% used [0x47180000,0x47180000,0x48480000)
 ParOldGen       total 64000K, used 51858K [0x11000000, 0x14e80000, 0x3bac0000)
  object space 64000K, 81% used [0x11000000,0x142a4b78,0x14e80000)
 Metaspace       used 55712K, capacity 57073K, committed 57088K, reserved 57728K
Event: 1152.994 GC heap after
Heap after GC invocations=22 (full 3):
 PSYoungGen      total 206592K, used 19449K [0x3bac0000, 0x4e000000, 0x51000000)
  eden space 187136K, 0% used [0x3bac0000,0x3bac0000,0x47180000)
  from space 19456K, 99% used [0x47180000,0x4847e558,0x48480000)
  to   space 23552K, 0% used [0x4c900000,0x4c900000,0x4e000000)
 ParOldGen       total 64000K, used 54712K [0x11000000, 0x14e80000, 0x3bac0000)
  object space 64000K, 85% used [0x11000000,0x1456e078,0x14e80000)
 Metaspace       used 55712K, capacity 57073K, committed 57088K, reserved 57728K
}
Event: 1153.011 GC heap before
{Heap before GC invocations=23 (full 4):
 PSYoungGen      total 206592K, used 19449K [0x3bac0000, 0x4e000000, 0x51000000)
  eden space 187136K, 0% used [0x3bac0000,0x3bac0000,0x47180000)
  from space 19456K, 99% used [0x47180000,0x4847e558,0x48480000)
  to   space 23552K, 0% used [0x4c900000,0x4c900000,0x4e000000)
 ParOldGen       total 64000K, used 54712K [0x11000000, 0x14e80000, 0x3bac0000)
  object space 64000K, 85% used [0x11000000,0x1456e078,0x14e80000)
 Metaspace       used 55712K, capacity 57073K, committed 57088K, reserved 57728K

