# JRE version: OpenJDK Runtime Environment (8.0_212-b04) (build 1.8.0_212-release-1586-b04)
# Java VM: OpenJDK Server VM (25.212-b04 mixed mode windows-x86 )
Heap:
 PSYoungGen      total 282368K, used 60818K [0x3bcc0000, 0x51200000, 0x51200000)
  eden space 221440K, 0% used [0x3bcc0000,0x3bcc0000,0x49500000)
  from space 60928K, 99% used [0x49500000,0x4d064bb0,0x4d080000)
  to   space 67072K, 0% used [0x4d080000,0x4d080000,0x51200000)
 ParOldGen       total 103168K, used 86814K [0x11200000, 0x176c0000, 0x3bcc0000)
  object space 103168K, 84% used [0x11200000,0x166c78d0,0x176c0000)
 Metaspace       used 60233K, capacity 62166K, committed 62208K, reserved 62848K
GC Heap History (10 events):
Event: 2007.859 GC heap after
Heap after GC invocations=25 (full 5):
 PSYoungGen      total 285440K, used 38648K [0x3bcc0000, 0x51200000, 0x51200000)
  eden space 227584K, 0% used [0x3bcc0000,0x3bcc0000,0x49b00000)
  from space 57856K, 66% used [0x4d980000,0x4ff3e320,0x51200000)
  to   space 60928K, 0% used [0x49b00000,0x49b00000,0x4d680000)
 ParOldGen       total 170240K, used 131837K [0x11200000, 0x1b840000, 0x3bcc0000)
  object space 170240K, 77% used [0x11200000,0x192bf620,0x1b840000)
 Metaspace       used 59410K, capacity 61300K, committed 61312K, reserved 61824K
}
Event: 2036.294 GC heap before
{Heap before GC invocations=26 (full 5):
 PSYoungGen      total 285440K, used 261948K [0x3bcc0000, 0x51200000, 0x51200000)
  eden space 227584K, 98% used [0x3bcc0000,0x496d0d90,0x49b00000)
  from space 57856K, 66% used [0x4d980000,0x4ff3e320,0x51200000)
  to   space 60928K, 0% used [0x49b00000,0x49b00000,0x4d680000)
 ParOldGen       total 170240K, used 131837K [0x11200000, 0x1b840000, 0x3bcc0000)
  object space 170240K, 77% used [0x11200000,0x192bf620,0x1b840000)
 Metaspace       used 59438K, capacity 61332K, committed 61440K, reserved 61824K
Event: 2036.610 GC heap after
Heap after GC invocations=26 (full 5):
 PSYoungGen      total 288512K, used 7709K [0x3bcc0000, 0x51200000, 0x51200000)
  eden space 227584K, 0% used [0x3bcc0000,0x3bcc0000,0x49b00000)
  from space 60928K, 12% used [0x49b00000,0x4a2877f8,0x4d680000)
  to   space 59392K, 0% used [0x4d800000,0x4d800000,0x51200000)
 ParOldGen       total 170240K, used 140638K [0x11200000, 0x1b840000, 0x3bcc0000)
  object space 170240K, 82% used [0x11200000,0x19b57a78,0x1b840000)
 Metaspace       used 59438K, capacity 61332K, committed 61440K, reserved 61824K
}
Event: 2036.624 GC heap before
{Heap before GC invocations=27 (full 6):
 PSYoungGen      total 288512K, used 7709K [0x3bcc0000, 0x51200000, 0x51200000)
  eden space 227584K, 0% used [0x3bcc0000,0x3bcc0000,0x49b00000)
  from space 60928K, 12% used [0x49b00000,0x4a2877f8,0x4d680000)
  to   space 59392K, 0% used [0x4d800000,0x4d800000,0x51200000)
 ParOldGen       total 170240K, used 140638K [0x11200000, 0x1b840000, 0x3bcc0000)
  object space 170240K, 82% used [0x11200000,0x19b57a78,0x1b840000)
 Metaspace       used 59438K, capacity 61332K, committed 61440K, reserved 61824K
Event: 2085.364 GC heap after
Heap after GC invocations=27 (full 6):
 PSYoungGen      total 288512K, used 0K [0x3bcc0000, 0x51200000, 0x51200000)
  eden space 227584K, 0% used [0x3bcc0000,0x3bcc0000,0x49b00000)
  from space 60928K, 0% used [0x49b00000,0x49b00000,0x4d680000)
  to   space 59392K, 0% used [0x4d800000,0x4d800000,0x51200000)
 ParOldGen       total 103168K, used 54309K [0x11200000, 0x176c0000, 0x3bcc0000)
  object space 103168K, 52% used [0x11200000,0x14709748,0x176c0000)
 Metaspace       used 59438K, capacity 61332K, committed 61440K, reserved 61824K
}
Event: 2499.450 GC heap before
{Heap before GC invocations=28 (full 6):
 PSYoungGen      total 288512K, used 227246K [0x3bcc0000, 0x51200000, 0x51200000)
  eden space 227584K, 99% used [0x3bcc0000,0x49aab928,0x49b00000)
  from space 60928K, 0% used [0x49b00000,0x49b00000,0x4d680000)
  to   space 59392K, 0% used [0x4d800000,0x4d800000,0x51200000)
 ParOldGen       total 103168K, used 54309K [0x11200000, 0x176c0000, 0x3bcc0000)
  object space 103168K, 52% used [0x11200000,0x14709748,0x176c0000)
 Metaspace       used 60218K, capacity 62166K, committed 62208K, reserved 62848K
Event: 2521.744 GC heap after
Heap after GC invocations=28 (full 6):
 PSYoungGen      total 280832K, used 43222K [0x3bcc0000, 0x51200000, 0x51200000)
  eden space 221440K, 0% used [0x3bcc0000,0x3bcc0000,0x49500000)
  from space 59392K, 72% used [0x4d800000,0x50235a00,0x51200000)
  to   space 64000K, 0% used [0x49500000,0x49500000,0x4d380000)
 ParOldGen       total 103168K, used 54309K [0x11200000, 0x176c0000, 0x3bcc0000)
  object space 103168K, 52% used [0x11200000,0x14709748,0x176c0000)
 Metaspace       used 60218K, capacity 62166K, committed 62208K, reserved 62848K
}
Event: 2526.152 GC heap before
{Heap before GC invocations=29 (full 6):
 PSYoungGen      total 280832K, used 264662K [0x3bcc0000, 0x51200000, 0x51200000)
  eden space 221440K, 100% used [0x3bcc0000,0x49500000,0x49500000)
  from space 59392K, 72% used [0x4d800000,0x50235a00,0x51200000)
  to   space 64000K, 0% used [0x49500000,0x49500000,0x4d380000)
 ParOldGen       total 103168K, used 54309K [0x11200000, 0x176c0000, 0x3bcc0000)
  object space 103168K, 52% used [0x11200000,0x14709748,0x176c0000)
 Metaspace       used 60233K, capacity 62166K, committed 62208K, reserved 62848K
Event: 2537.342 GC heap after
Heap after GC invocations=29 (full 6):
 PSYoungGen      total 282368K, used 60818K [0x3bcc0000, 0x51200000, 0x51200000)
  eden space 221440K, 0% used [0x3bcc0000,0x3bcc0000,0x49500000)
  from space 60928K, 99% used [0x49500000,0x4d064bb0,0x4d080000)
  to   space 67072K, 0% used [0x4d080000,0x4d080000,0x51200000)
 ParOldGen       total 103168K, used 86814K [0x11200000, 0x176c0000, 0x3bcc0000)
  object space 103168K, 84% used [0x11200000,0x166c78d0,0x176c0000)
 Metaspace       used 60233K, capacity 62166K, committed 62208K, reserved 62848K
}
Event: 2537.363 GC heap before
{Heap before GC invocations=30 (full 7):
 PSYoungGen      total 282368K, used 60818K [0x3bcc0000, 0x51200000, 0x51200000)
  eden space 221440K, 0% used [0x3bcc0000,0x3bcc0000,0x49500000)
  from space 60928K, 99% used [0x49500000,0x4d064bb0,0x4d080000)
  to   space 67072K, 0% used [0x4d080000,0x4d080000,0x51200000)
 ParOldGen       total 103168K, used 86814K [0x11200000, 0x176c0000, 0x3bcc0000)
  object space 103168K, 84% used [0x11200000,0x166c78d0,0x176c0000)
 Metaspace       used 60233K, capacity 62166K, committed 62208K, reserved 62848K

