# JRE version: OpenJDK Runtime Environment (8.0_212-b04) (build 1.8.0_212-release-1586-b04)
# Java VM: OpenJDK Server VM (25.212-b04 mixed mode windows-x86 )
Heap:
 PSYoungGen      total 305408K, used 277981K [0x3bac0000, 0x51000000, 0x51000000)
  eden space 259328K, 100% used [0x3bac0000,0x4b800000,0x4b800000)
  from space 46080K, 40% used [0x4e300000,0x4f537720,0x51000000)
  to   space 44032K, 23% used [0x4b800000,0x4c21d168,0x4e300000)
 ParOldGen       total 141312K, used 94875K [0x11000000, 0x19a00000, 0x3bac0000)
  object space 141312K, 67% used [0x11000000,0x16ca6c48,0x19a00000)
 Metaspace       used 57859K, capacity 59684K, committed 59776K, reserved 59776K
GC Heap History (10 events):
Event: 90.980 GC heap after
Heap after GC invocations=16 (full 3):
 PSYoungGen      total 209152K, used 486K [0x3bac0000, 0x4cfc0000, 0x51000000)
  eden space 189440K, 0% used [0x3bac0000,0x3bac0000,0x473c0000)
  from space 19712K, 2% used [0x473c0000,0x47439a30,0x48700000)
  to   space 23552K, 0% used [0x4b8c0000,0x4b8c0000,0x4cfc0000)
 ParOldGen       total 77568K, used 43367K [0x11000000, 0x15bc0000, 0x3bac0000)
  object space 77568K, 55% used [0x11000000,0x13a59c58,0x15bc0000)
 Metaspace       used 44363K, capacity 45445K, committed 45516K, reserved 46464K
}
Event: 138.638 GC heap before
{Heap before GC invocations=17 (full 3):
 PSYoungGen      total 209152K, used 189926K [0x3bac0000, 0x4cfc0000, 0x51000000)
  eden space 189440K, 100% used [0x3bac0000,0x473c0000,0x473c0000)
  from space 19712K, 2% used [0x473c0000,0x47439a30,0x48700000)
  to   space 23552K, 0% used [0x4b8c0000,0x4b8c0000,0x4cfc0000)
 ParOldGen       total 77568K, used 43367K [0x11000000, 0x15bc0000, 0x3bac0000)
  object space 77568K, 55% used [0x11000000,0x13a59c58,0x15bc0000)
 Metaspace       used 46672K, capacity 47851K, committed 47872K, reserved 48512K
Event: 139.298 GC heap after
Heap after GC invocations=17 (full 3):
 PSYoungGen      total 257024K, used 21513K [0x3bac0000, 0x4d5c0000, 0x51000000)
  eden space 233472K, 0% used [0x3bac0000,0x3bac0000,0x49ec0000)
  from space 23552K, 91% used [0x4b8c0000,0x4cdc2660,0x4cfc0000)
  to   space 26624K, 0% used [0x49ec0000,0x49ec0000,0x4b8c0000)
 ParOldGen       total 77568K, used 43875K [0x11000000, 0x15bc0000, 0x3bac0000)
  object space 77568K, 56% used [0x11000000,0x13ad8e88,0x15bc0000)
 Metaspace       used 46672K, capacity 47851K, committed 47872K, reserved 48512K
}
Event: 150.462 GC heap before
{Heap before GC invocations=18 (full 3):
 PSYoungGen      total 257024K, used 254985K [0x3bac0000, 0x4d5c0000, 0x51000000)
  eden space 233472K, 100% used [0x3bac0000,0x49ec0000,0x49ec0000)
  from space 23552K, 91% used [0x4b8c0000,0x4cdc2660,0x4cfc0000)
  to   space 26624K, 0% used [0x49ec0000,0x49ec0000,0x4b8c0000)
 ParOldGen       total 77568K, used 43875K [0x11000000, 0x15bc0000, 0x3bac0000)
  object space 77568K, 56% used [0x11000000,0x13ad8e88,0x15bc0000)
 Metaspace       used 52182K, capacity 53821K, committed 53888K, reserved 54656K
Event: 151.252 GC heap after
Heap after GC invocations=18 (full 3):
 PSYoungGen      total 260096K, used 26623K [0x3bac0000, 0x51000000, 0x51000000)
  eden space 233472K, 0% used [0x3bac0000,0x3bac0000,0x49ec0000)
  from space 26624K, 99% used [0x49ec0000,0x4b8bff18,0x4b8c0000)
  to   space 46080K, 0% used [0x4e300000,0x4e300000,0x51000000)
 ParOldGen       total 84992K, used 84744K [0x11000000, 0x16300000, 0x3bac0000)
  object space 84992K, 99% used [0x11000000,0x162c20f8,0x16300000)
 Metaspace       used 52182K, capacity 53821K, committed 53888K, reserved 54656K
}
Event: 151.252 GC heap before
{Heap before GC invocations=19 (full 4):
 PSYoungGen      total 260096K, used 26623K [0x3bac0000, 0x51000000, 0x51000000)
  eden space 233472K, 0% used [0x3bac0000,0x3bac0000,0x49ec0000)
  from space 26624K, 99% used [0x49ec0000,0x4b8bff18,0x4b8c0000)
  to   space 46080K, 0% used [0x4e300000,0x4e300000,0x51000000)
 ParOldGen       total 84992K, used 84744K [0x11000000, 0x16300000, 0x3bac0000)
  object space 84992K, 99% used [0x11000000,0x162c20f8,0x16300000)
 Metaspace       used 52182K, capacity 53821K, committed 53888K, reserved 54656K
Event: 153.901 GC heap after
Heap after GC invocations=19 (full 4):
 PSYoungGen      total 260096K, used 20185K [0x3bac0000, 0x51000000, 0x51000000)
  eden space 233472K, 0% used [0x3bac0000,0x3bac0000,0x49ec0000)
  from space 26624K, 75% used [0x49ec0000,0x4b276470,0x4b8c0000)
  to   space 46080K, 0% used [0x4e300000,0x4e300000,0x51000000)
 ParOldGen       total 141312K, used 84902K [0x11000000, 0x19a00000, 0x3bac0000)
  object space 141312K, 60% used [0x11000000,0x162e9aa0,0x19a00000)
 Metaspace       used 52176K, capacity 53806K, committed 53888K, reserved 54656K
}
Event: 163.974 GC heap before
{Heap before GC invocations=20 (full 4):
 PSYoungGen      total 260096K, used 253657K [0x3bac0000, 0x51000000, 0x51000000)
  eden space 233472K, 100% used [0x3bac0000,0x49ec0000,0x49ec0000)
  from space 26624K, 75% used [0x49ec0000,0x4b276470,0x4b8c0000)
  to   space 46080K, 0% used [0x4e300000,0x4e300000,0x51000000)
 ParOldGen       total 141312K, used 84902K [0x11000000, 0x19a00000, 0x3bac0000)
  object space 141312K, 60% used [0x11000000,0x162e9aa0,0x19a00000)
 Metaspace       used 54499K, capacity 56218K, committed 56320K, reserved 56704K
Event: 164.148 GC heap after
Heap after GC invocations=20 (full 4):
 PSYoungGen      total 305408K, used 18653K [0x3bac0000, 0x51000000, 0x51000000)
  eden space 259328K, 0% used [0x3bac0000,0x3bac0000,0x4b800000)
  from space 46080K, 40% used [0x4e300000,0x4f537720,0x51000000)
  to   space 44032K, 0% used [0x4b800000,0x4b800000,0x4e300000)
 ParOldGen       total 141312K, used 94875K [0x11000000, 0x19a00000, 0x3bac0000)
  object space 141312K, 67% used [0x11000000,0x16ca6c48,0x19a00000)
 Metaspace       used 54499K, capacity 56218K, committed 56320K, reserved 56704K
}
Event: 1469.862 GC heap before
{Heap before GC invocations=21 (full 4):
 PSYoungGen      total 305408K, used 277981K [0x3bac0000, 0x51000000, 0x51000000)
  eden space 259328K, 100% used [0x3bac0000,0x4b800000,0x4b800000)
  from space 46080K, 40% used [0x4e300000,0x4f537720,0x51000000)
  to   space 44032K, 0% used [0x4b800000,0x4b800000,0x4e300000)
 ParOldGen       total 141312K, used 94875K [0x11000000, 0x19a00000, 0x3bac0000)
  object space 141312K, 67% used [0x11000000,0x16ca6c48,0x19a00000)
 Metaspace       used 57859K, capacity 59684K, committed 59776K, reserved 59776K

