# JRE version: OpenJDK Runtime Environment (8.0_212-b04) (build 1.8.0_212-release-1586-b04)
# Java VM: OpenJDK Server VM (25.212-b04 mixed mode windows-x86 )
Heap:
 PSYoungGen      total 239104K, used 58449K [0x3bcc0000, 0x51200000, 0x51200000)
  eden space 180480K, 0% used [0x3bcc0000,0x3bcc0000,0x46d00000)
  from space 58624K, 99% used [0x46d00000,0x4a6146a8,0x4a640000)
  to   space 88064K, 0% used [0x4bc00000,0x4bc00000,0x51200000)
 ParOldGen       total 146944K, used 115599K [0x11200000, 0x1a180000, 0x3bcc0000)
  object space 146944K, 78% used [0x11200000,0x182e3d18,0x1a180000)
 Metaspace       used 79980K, capacity 82799K, committed 82816K, reserved 83328K
GC Heap History (10 events):
Event: 3272.880 GC heap after
Heap after GC invocations=41 (full 8):
 PSYoungGen      total 264192K, used 8667K [0x3bcc0000, 0x51200000, 0x51200000)
  eden space 178944K, 0% used [0x3bcc0000,0x3bcc0000,0x46b80000)
  from space 85248K, 10% used [0x46b80000,0x473f6ee8,0x4bec0000)
  to   space 83968K, 0% used [0x4c000000,0x4c000000,0x51200000)
 ParOldGen       total 146944K, used 76703K [0x11200000, 0x1a180000, 0x3bcc0000)
  object space 146944K, 52% used [0x11200000,0x15ce7ec8,0x1a180000)
 Metaspace       used 79504K, capacity 82222K, committed 82432K, reserved 83328K
}
Event: 3404.225 GC heap before
{Heap before GC invocations=42 (full 8):
 PSYoungGen      total 264192K, used 187611K [0x3bcc0000, 0x51200000, 0x51200000)
  eden space 178944K, 100% used [0x3bcc0000,0x46b80000,0x46b80000)
  from space 85248K, 10% used [0x46b80000,0x473f6ee8,0x4bec0000)
  to   space 83968K, 0% used [0x4c000000,0x4c000000,0x51200000)
 ParOldGen       total 146944K, used 76703K [0x11200000, 0x1a180000, 0x3bcc0000)
  object space 146944K, 52% used [0x11200000,0x15ce7ec8,0x1a180000)
 Metaspace       used 79682K, capacity 82384K, committed 82432K, reserved 83328K
Event: 3404.532 GC heap after
Heap after GC invocations=42 (full 8):
 PSYoungGen      total 255232K, used 33942K [0x3bcc0000, 0x50940000, 0x51200000)
  eden space 180224K, 0% used [0x3bcc0000,0x3bcc0000,0x46cc0000)
  from space 75008K, 45% used [0x4c000000,0x4e125bc0,0x50940000)
  to   space 80128K, 0% used [0x46cc0000,0x46cc0000,0x4bb00000)
 ParOldGen       total 146944K, used 77766K [0x11200000, 0x1a180000, 0x3bcc0000)
  object space 146944K, 52% used [0x11200000,0x15df1b38,0x1a180000)
 Metaspace       used 79682K, capacity 82384K, committed 82432K, reserved 83328K
}
Event: 3406.656 GC heap before
{Heap before GC invocations=43 (full 8):
 PSYoungGen      total 255232K, used 214166K [0x3bcc0000, 0x50940000, 0x51200000)
  eden space 180224K, 100% used [0x3bcc0000,0x46cc0000,0x46cc0000)
  from space 75008K, 45% used [0x4c000000,0x4e125bc0,0x50940000)
  to   space 80128K, 0% used [0x46cc0000,0x46cc0000,0x4bb00000)
 ParOldGen       total 146944K, used 77766K [0x11200000, 0x1a180000, 0x3bcc0000)
  object space 146944K, 52% used [0x11200000,0x15df1b38,0x1a180000)
 Metaspace       used 79684K, capacity 82384K, committed 82432K, reserved 83328K
Event: 3412.799 GC heap after
Heap after GC invocations=43 (full 8):
 PSYoungGen      total 260352K, used 58822K [0x3bcc0000, 0x51200000, 0x51200000)
  eden space 180224K, 0% used [0x3bcc0000,0x3bcc0000,0x46cc0000)
  from space 80128K, 73% used [0x46cc0000,0x4a631b38,0x4bb00000)
  to   space 85760K, 0% used [0x4be40000,0x4be40000,0x51200000)
 ParOldGen       total 146944K, used 100945K [0x11200000, 0x1a180000, 0x3bcc0000)
  object space 146944K, 68% used [0x11200000,0x17494520,0x1a180000)
 Metaspace       used 79684K, capacity 82384K, committed 82432K, reserved 83328K
}
Event: 3855.559 GC heap before
{Heap before GC invocations=44 (full 8):
 PSYoungGen      total 260352K, used 239046K [0x3bcc0000, 0x51200000, 0x51200000)
  eden space 180224K, 100% used [0x3bcc0000,0x46cc0000,0x46cc0000)
  from space 80128K, 73% used [0x46cc0000,0x4a631b38,0x4bb00000)
  to   space 85760K, 0% used [0x4be40000,0x4be40000,0x51200000)
 ParOldGen       total 146944K, used 100945K [0x11200000, 0x1a180000, 0x3bcc0000)
  object space 146944K, 68% used [0x11200000,0x17494520,0x1a180000)
 Metaspace       used 79841K, capacity 82639K, committed 82688K, reserved 83328K
Event: 3866.995 GC heap after
Heap after GC invocations=44 (full 8):
 PSYoungGen      total 266240K, used 17572K [0x3bcc0000, 0x51200000, 0x51200000)
  eden space 180480K, 0% used [0x3bcc0000,0x3bcc0000,0x46d00000)
  from space 85760K, 20% used [0x4be40000,0x4cf691f0,0x51200000)
  to   space 83200K, 0% used [0x46d00000,0x46d00000,0x4be40000)
 ParOldGen       total 146944K, used 105864K [0x11200000, 0x1a180000, 0x3bcc0000)
  object space 146944K, 72% used [0x11200000,0x17962220,0x1a180000)
 Metaspace       used 79841K, capacity 82639K, committed 82688K, reserved 83328K
}
Event: 3897.710 GC heap before
{Heap before GC invocations=45 (full 8):
 PSYoungGen      total 266240K, used 197737K [0x3bcc0000, 0x51200000, 0x51200000)
  eden space 180480K, 99% used [0x3bcc0000,0x46cb1348,0x46d00000)
  from space 85760K, 20% used [0x4be40000,0x4cf691f0,0x51200000)
  to   space 83200K, 0% used [0x46d00000,0x46d00000,0x4be40000)
 ParOldGen       total 146944K, used 105864K [0x11200000, 0x1a180000, 0x3bcc0000)
  object space 146944K, 72% used [0x11200000,0x17962220,0x1a180000)
 Metaspace       used 79980K, capacity 82799K, committed 82816K, reserved 83328K
Event: 3905.718 GC heap after
Heap after GC invocations=45 (full 8):
 PSYoungGen      total 239104K, used 58449K [0x3bcc0000, 0x51200000, 0x51200000)
  eden space 180480K, 0% used [0x3bcc0000,0x3bcc0000,0x46d00000)
  from space 58624K, 99% used [0x46d00000,0x4a6146a8,0x4a640000)
  to   space 88064K, 0% used [0x4bc00000,0x4bc00000,0x51200000)
 ParOldGen       total 146944K, used 115599K [0x11200000, 0x1a180000, 0x3bcc0000)
  object space 146944K, 78% used [0x11200000,0x182e3d18,0x1a180000)
 Metaspace       used 79980K, capacity 82799K, committed 82816K, reserved 83328K
}
Event: 3905.727 GC heap before
{Heap before GC invocations=46 (full 9):
 PSYoungGen      total 239104K, used 58449K [0x3bcc0000, 0x51200000, 0x51200000)
  eden space 180480K, 0% used [0x3bcc0000,0x3bcc0000,0x46d00000)
  from space 58624K, 99% used [0x46d00000,0x4a6146a8,0x4a640000)
  to   space 88064K, 0% used [0x4bc00000,0x4bc00000,0x51200000)
 ParOldGen       total 146944K, used 115599K [0x11200000, 0x1a180000, 0x3bcc0000)
  object space 146944K, 78% used [0x11200000,0x182e3d18,0x1a180000)
 Metaspace       used 79980K, capacity 82799K, committed 82816K, reserved 83328K

